Using pre-set license
Built from '2020.2/staging' branch; Version is '2020.2.3f1 (8ff31bc5bf5b) revision 9433883'; Using compiler version '192528614'; Build Type 'Release'
OS: 'Windows 10 Pro; OS build 19042.867; Version 2009; 64bit' Language: 'ko' Physical Memory: 8143 MB
BatchMode: 1, IsHumanControllingUs: 0, StartBugReporterOnCrash: 0, Is64bit: 1, IsPro: 0

 COMMAND LINE ARGUMENTS:
C:\Users\terry\Desktop\2020.2.3f1\Editor\Unity.exe
-adb2
-batchMode
-noUpm
-name
AssetImportWorker0
-projectPath
C:/Users/terry/Documents/GitHub/unity/Volt1
-logFile
Logs/AssetImportWorker0.log
-srvPort
61166
Successfully changed project path to: C:/Users/terry/Documents/GitHub/unity/Volt1
C:/Users/terry/Documents/GitHub/unity/Volt1
Using Asset Import Pipeline V2.
Refreshing native plugins compatible for Editor in 36.65 ms, found 1 plugins.
Preloading 0 native plugins for Editor in 0.00 ms.
Initialize engine version: 2020.2.3f1 (8ff31bc5bf5b)
[Subsystems] Discovering subsystems at path C:/Users/terry/Desktop/2020.2.3f1/Editor/Data/Resources/UnitySubsystems
[Subsystems] Discovering subsystems at path C:/Users/terry/Documents/GitHub/unity/Volt1/Assets
GfxDevice: creating device client; threaded=0
Direct3D:
    Version:  Direct3D 11.0 [level 11.1]
    Renderer: NVIDIA GeForce GT 1030 (ID=0x1d01)
    Vendor:   
    VRAM:     1982 MB
    Driver:   27.21.14.5671
Initialize mono
Mono path[0] = 'C:/Users/terry/Desktop/2020.2.3f1/Editor/Data/Managed'
Mono path[1] = 'C:/Users/terry/Desktop/2020.2.3f1/Editor/Data/MonoBleedingEdge/lib/mono/unityjit'
Mono config path = 'C:/Users/terry/Desktop/2020.2.3f1/Editor/Data/MonoBleedingEdge/etc'
Using monoOptions --debugger-agent=transport=dt_socket,embedding=1,server=y,suspend=n,address=127.0.0.1:56544
Begin MonoManager ReloadAssembly
Registering precompiled unity dll's ...
Register platform support module: C:/Users/terry/Desktop/2020.2.3f1/Editor/Data/PlaybackEngines/MacStandaloneSupport/UnityEditor.OSXStandalone.Extensions.dll
Register platform support module: C:/Users/terry/Desktop/2020.2.3f1/Editor/Data/PlaybackEngines/WindowsStandaloneSupport/UnityEditor.WindowsStandalone.Extensions.dll
Registered in 0.001898 seconds.
Native extension for WindowsStandalone target not found
Native extension for OSXStandalone target not found
Refreshing native plugins compatible for Editor in 38.43 ms, found 1 plugins.
Preloading 0 native plugins for Editor in 0.00 ms.
Invoked RoslynAnalysisRunner static constructor.
RoslynAnalysisRunner will not be running.
RoslynAnalysisRunner has terminated.
Mono: successfully reloaded assembly
- Completed reload, in  1.742 seconds
Platform modules already initialized, skipping
Registering precompiled user dll's ...
Registered in 0.000847 seconds.
Begin MonoManager ReloadAssembly
Native extension for WindowsStandalone target not found
Native extension for OSXStandalone target not found
Refreshing native plugins compatible for Editor in 38.38 ms, found 1 plugins.
Preloading 0 native plugins for Editor in 0.00 ms.
Invoked RoslynAnalysisRunner static constructor.
RoslynAnalysisRunner will not be running.
RoslynAnalysisRunner has terminated.
Mono: successfully reloaded assembly
- Completed reload, in  0.891 seconds
Platform modules already initialized, skipping
========================================================================
Worker process is ready to serve import requests
Launched and connected shader compiler UnityShaderCompiler.exe after 0.04 seconds
Refreshing native plugins compatible for Editor in 0.43 ms, found 1 plugins.
Preloading 0 native plugins for Editor in 0.00 ms.
Unloading 1793 Unused Serialized files (Serialized files now loaded: 0)
System memory in use before: 84.2 MB.
System memory in use after: 84.2 MB.

Unloading 24 unused Assets to reduce memory usage. Loaded Objects now: 2234.
Total: 2.478300 ms (FindLiveObjects: 0.376800 ms CreateObjectMapping: 0.063500 ms MarkObjects: 1.879200 ms  DeleteObjects: 0.157300 ms)

========================================================================
Received Import Request.
  path: Assets/Install Bolt
  artifactKey: Guid(85eedc2af77918f43ab7418b929f878d) Importer(815301076,1909f56bfc062723c751e8b465ee728b)
Start importing Assets/Install Bolt using Guid(85eedc2af77918f43ab7418b929f878d) Importer(815301076,1909f56bfc062723c751e8b465ee728b)  -> (artifact id: '66dcdb196188556517ae6b2aeaba5219') in 0.009845 seconds
  Import took 0.013151 seconds .

========================================================================
Received Import Request.
  Time since last request: 3.626217 seconds.
  path: Assets/Install Bolt/Bolt_1_4_13_NET3.unitypackage
  artifactKey: Guid(62552f14ac8bf6043b7065fcbaa0db08) Importer(815301076,1909f56bfc062723c751e8b465ee728b)
Start importing Assets/Install Bolt/Bolt_1_4_13_NET3.unitypackage using Guid(62552f14ac8bf6043b7065fcbaa0db08) Importer(815301076,1909f56bfc062723c751e8b465ee728b)  -> (artifact id: '3408deeadbf5ee3f2f6be796cf39029e') in 0.033161 seconds
  Import took 0.036393 seconds .

========================================================================
Received Import Request.
  Time since last request: 0.861464 seconds.
  path: Assets/Install Bolt/Bolt_1_4_13_NET4.unitypackage
  artifactKey: Guid(949e9436c43a35f48932131e7c391781) Importer(815301076,1909f56bfc062723c751e8b465ee728b)
Start importing Assets/Install Bolt/Bolt_1_4_13_NET4.unitypackage using Guid(949e9436c43a35f48932131e7c391781) Importer(815301076,1909f56bfc062723c751e8b465ee728b)  -> (artifact id: '5feab77e8ba055ab93fd9688301bf10d') in 0.008025 seconds
  Import took 0.011909 seconds .

========================================================================
Received Import Request.
  Time since last request: 5.172734 seconds.
  path: Assets/Install Bolt/Bolt_1_4_13_Source.zip
  artifactKey: Guid(fc1a491b9962e28429ac77baddce35f3) Importer(815301076,1909f56bfc062723c751e8b465ee728b)
Start importing Assets/Install Bolt/Bolt_1_4_13_Source.zip using Guid(fc1a491b9962e28429ac77baddce35f3) Importer(815301076,1909f56bfc062723c751e8b465ee728b)  -> (artifact id: 'f88ea15e63011776ce35bc7a00060bb1') in 0.020843 seconds
  Import took 0.024092 seconds .

========================================================================
Received Prepare
Registering precompiled user dll's ...
Registered in 0.006528 seconds.
Begin MonoManager ReloadAssembly
Native extension for WindowsStandalone target not found
Native extension for OSXStandalone target not found
Refreshing native plugins compatible for Editor in 0.76 ms, found 2 plugins.
Preloading 0 native plugins for Editor in 0.00 ms.
Invoked RoslynAnalysisRunner static constructor.
RoslynAnalysisRunner will not be running.
RoslynAnalysisRunner has terminated.
Mono: successfully reloaded assembly
- Completed reload, in  0.944 seconds
Platform modules already initialized, skipping
Refreshing native plugins compatible for Editor in 0.55 ms, found 2 plugins.
Preloading 0 native plugins for Editor in 0.00 ms.
Unloading 1804 Unused Serialized files (Serialized files now loaded: 0)
System memory in use before: 88.8 MB.
System memory in use after: 88.8 MB.

Unloading 28 unused Assets to reduce memory usage. Loaded Objects now: 2274.
Total: 2.523400 ms (FindLiveObjects: 0.241700 ms CreateObjectMapping: 0.052100 ms MarkObjects: 2.096800 ms  DeleteObjects: 0.131400 ms)

========================================================================
Received Prepare
Registering precompiled user dll's ...
Registered in 0.005429 seconds.
Begin MonoManager ReloadAssembly
Native extension for WindowsStandalone target not found
Native extension for OSXStandalone target not found
Refreshing native plugins compatible for Editor in 0.54 ms, found 2 plugins.
Preloading 0 native plugins for Editor in 0.00 ms.
Invoked RoslynAnalysisRunner static constructor.
RoslynAnalysisRunner will not be running.
RoslynAnalysisRunner has terminated.
Mono: successfully reloaded assembly
- Completed reload, in  0.980 seconds
Platform modules already initialized, skipping
Refreshing native plugins compatible for Editor in 1.45 ms, found 2 plugins.
Preloading 0 native plugins for Editor in 0.00 ms.
Unloading 1803 Unused Serialized files (Serialized files now loaded: 0)
System memory in use before: 88.8 MB.
System memory in use after: 88.8 MB.

Unloading 28 unused Assets to reduce memory usage. Loaded Objects now: 2277.
Total: 2.470500 ms (FindLiveObjects: 0.254000 ms CreateObjectMapping: 0.053500 ms MarkObjects: 1.999900 ms  DeleteObjects: 0.161500 ms)

========================================================================
Received Import Request.
  Time since last request: 111.420041 seconds.
  path: Assets/Ludiq
  artifactKey: Guid(16030c37d13af8a418e541d1bb328906) Importer(815301076,1909f56bfc062723c751e8b465ee728b)
Start importing Assets/Ludiq using Guid(16030c37d13af8a418e541d1bb328906) Importer(815301076,1909f56bfc062723c751e8b465ee728b)  -> (artifact id: 'c0f978c256282dd58d4c0e7399c12ef5') in 0.010370 seconds
  Import took 0.013978 seconds .

========================================================================
Received Import Request.
  Time since last request: 0.000416 seconds.
  path: Assets/Ludiq
  artifactKey: Guid(16030c37d13af8a418e541d1bb328906) Importer(815301076,1909f56bfc062723c751e8b465ee728b)
Start importing Assets/Ludiq using Guid(16030c37d13af8a418e541d1bb328906) Importer(815301076,1909f56bfc062723c751e8b465ee728b)  -> (artifact id: 'c0f978c256282dd58d4c0e7399c12ef5') in 0.003823 seconds
  Import took 0.006856 seconds .

========================================================================
Received Prepare
Registering precompiled user dll's ...
Registered in 0.005435 seconds.
Begin MonoManager ReloadAssembly
Native extension for WindowsStandalone target not found
Native extension for OSXStandalone target not found
Refreshing native plugins compatible for Editor in 0.54 ms, found 2 plugins.
Preloading 0 native plugins for Editor in 0.00 ms.
Invoked RoslynAnalysisRunner static constructor.
RoslynAnalysisRunner will not be running.
RoslynAnalysisRunner has terminated.
Mono: successfully reloaded assembly
- Completed reload, in  1.299 seconds
Platform modules already initialized, skipping
Refreshing native plugins compatible for Editor in 0.54 ms, found 2 plugins.
Preloading 0 native plugins for Editor in 0.00 ms.
Unloading 1805 Unused Serialized files (Serialized files now loaded: 0)
System memory in use before: 88.9 MB.
System memory in use after: 88.9 MB.

Unloading 28 unused Assets to reduce memory usage. Loaded Objects now: 2282.
Total: 2.464200 ms (FindLiveObjects: 0.233700 ms CreateObjectMapping: 0.052300 ms MarkObjects: 2.043400 ms  DeleteObjects: 0.133100 ms)

========================================================================
Received Import Request.
  Time since last request: 168.434785 seconds.
  path: Assets/Bolt 2D DinoRun VE1/Readme.asset
  artifactKey: Guid(2d66d2b3541c91a4c806ebb732376ce4) Importer(815301076,1909f56bfc062723c751e8b465ee728b)
Start importing Assets/Bolt 2D DinoRun VE1/Readme.asset using Guid(2d66d2b3541c91a4c806ebb732376ce4) Importer(815301076,1909f56bfc062723c751e8b465ee728b)  -> (artifact id: '8179008741b67f14536474ea56b7d2c1') in 0.021364 seconds
  Import took 0.024703 seconds .

========================================================================
Received Import Request.
  Time since last request: 0.000256 seconds.
  path: Assets/Bolt 2D DinoRun VE1
  artifactKey: Guid(99938a658a73621489db3bb4b4f2fad6) Importer(815301076,1909f56bfc062723c751e8b465ee728b)
Start importing Assets/Bolt 2D DinoRun VE1 using Guid(99938a658a73621489db3bb4b4f2fad6) Importer(815301076,1909f56bfc062723c751e8b465ee728b)  -> (artifact id: 'dbec97ab21acb4966c72f937aaa4dc39') in 0.007303 seconds
  Import took 0.010312 seconds .

========================================================================
Received Import Request.
  Time since last request: 0.000224 seconds.
  path: Assets/Bolt 2D DinoRun VE1/App Icon.png
  artifactKey: Guid(16a4acc20b9be4541ae863b483cd3ae1) Importer(815301076,1909f56bfc062723c751e8b465ee728b)
Start importing Assets/Bolt 2D DinoRun VE1/App Icon.png using Guid(16a4acc20b9be4541ae863b483cd3ae1) Importer(815301076,1909f56bfc062723c751e8b465ee728b)  -> (artifact id: 'bad59aeec83b78942e7960a2785ad888') in 0.099193 seconds
  Import took 0.102730 seconds .

========================================================================
Received Import Request.
  Time since last request: 7.968298 seconds.
  path: Assets/Bolt 2D DinoRun VE1/Sprites/Back A.png
  artifactKey: Guid(73c3f17bbee267148a2f224712eecba7) Importer(815301076,1909f56bfc062723c751e8b465ee728b)
Start importing Assets/Bolt 2D DinoRun VE1/Sprites/Back A.png using Guid(73c3f17bbee267148a2f224712eecba7) Importer(815301076,1909f56bfc062723c751e8b465ee728b)  -> (artifact id: 'c0e778d78624168d46a323d99cc3fd96') in 0.022721 seconds
  Import took 0.025896 seconds .

========================================================================
Received Import Request.
  Time since last request: 0.000226 seconds.
  path: Assets/Bolt 2D DinoRun VE1/Sprites/Player.png
  artifactKey: Guid(51c81e11cf1b83741a6d4debdf26562c) Importer(815301076,1909f56bfc062723c751e8b465ee728b)
Start importing Assets/Bolt 2D DinoRun VE1/Sprites/Player.png using Guid(51c81e11cf1b83741a6d4debdf26562c) Importer(815301076,1909f56bfc062723c751e8b465ee728b)  -> (artifact id: 'cd350f630186a20bbd523bdc900ada0a') in 0.040116 seconds
  Import took 0.043063 seconds .

========================================================================
Received Import Request.
  Time since last request: 0.000232 seconds.
  path: Assets/Bolt 2D DinoRun VE1/Sprites/UI Over.png
  artifactKey: Guid(b73265accab188e409461260602e7e36) Importer(815301076,1909f56bfc062723c751e8b465ee728b)
Start importing Assets/Bolt 2D DinoRun VE1/Sprites/UI Over.png using Guid(b73265accab188e409461260602e7e36) Importer(815301076,1909f56bfc062723c751e8b465ee728b)  -> (artifact id: '203174dedba149a654995d154b8cc374') in 0.018530 seconds
  Import took 0.022186 seconds .

========================================================================
Received Import Request.
  Time since last request: 0.000214 seconds.
  path: Assets/Bolt 2D DinoRun VE1/Sprites/Ground.png
  artifactKey: Guid(55c38370a8cd6314a8626c513e426605) Importer(815301076,1909f56bfc062723c751e8b465ee728b)
Start importing Assets/Bolt 2D DinoRun VE1/Sprites/Ground.png using Guid(55c38370a8cd6314a8626c513e426605) Importer(815301076,1909f56bfc062723c751e8b465ee728b)  -> (artifact id: 'c83dcf4529841912e3a68e7a8c715aed') in 0.018674 seconds
  Import took 0.021853 seconds .

========================================================================
Received Import Request.
  Time since last request: 0.000259 seconds.
  path: Assets/Bolt 2D DinoRun VE1/Sprites/UI Btn Down.png
  artifactKey: Guid(9b4b10262b3633647896ced3dbbc81ea) Importer(815301076,1909f56bfc062723c751e8b465ee728b)
Start importing Assets/Bolt 2D DinoRun VE1/Sprites/UI Btn Down.png using Guid(9b4b10262b3633647896ced3dbbc81ea) Importer(815301076,1909f56bfc062723c751e8b465ee728b)  -> (artifact id: '182f7e93358f4c35a975cb4816aa8a1f') in 0.016794 seconds
  Import took 0.019960 seconds .

========================================================================
Received Import Request.
  Time since last request: 0.000221 seconds.
  path: Assets/Bolt 2D DinoRun VE1/Sprites/UI Btn On.png
  artifactKey: Guid(3649a01a49d94c947820dd1c88eb3975) Importer(815301076,1909f56bfc062723c751e8b465ee728b)
Start importing Assets/Bolt 2D DinoRun VE1/Sprites/UI Btn On.png using Guid(3649a01a49d94c947820dd1c88eb3975) Importer(815301076,1909f56bfc062723c751e8b465ee728b)  -> (artifact id: '5f30b50d01643454a6732397d762b677') in 0.017185 seconds
  Import took 0.020369 seconds .

========================================================================
Received Import Request.
  Time since last request: 0.000203 seconds.
  path: Assets/Bolt 2D DinoRun VE1/Sprites/Cactus C.png
  artifactKey: Guid(509cb56e68eb2404b902437d87eaab5a) Importer(815301076,1909f56bfc062723c751e8b465ee728b)
Start importing Assets/Bolt 2D DinoRun VE1/Sprites/Cactus C.png using Guid(509cb56e68eb2404b902437d87eaab5a) Importer(815301076,1909f56bfc062723c751e8b465ee728b)  -> (artifact id: '8d14629afc63512141df11b7791ca629') in 0.017298 seconds
  Import took 0.020487 seconds .

========================================================================
Received Import Request.
  Time since last request: 0.000261 seconds.
  path: Assets/Bolt 2D DinoRun VE1/Sprites/Cloud A.png
  artifactKey: Guid(bd79f3830e84cf543972a859dc0807e8) Importer(815301076,1909f56bfc062723c751e8b465ee728b)
Start importing Assets/Bolt 2D DinoRun VE1/Sprites/Cloud A.png using Guid(bd79f3830e84cf543972a859dc0807e8) Importer(815301076,1909f56bfc062723c751e8b465ee728b)  -> (artifact id: 'f87958554ef6cbeec826dceecd3c533d') in 0.017319 seconds
  Import took 0.020479 seconds .

========================================================================
Received Import Request.
  Time since last request: 0.000240 seconds.
  path: Assets/Bolt 2D DinoRun VE1/Sprites/Cactus A.png
  artifactKey: Guid(d5dceacb4ad9c71439838f9d84ddf1ae) Importer(815301076,1909f56bfc062723c751e8b465ee728b)
Start importing Assets/Bolt 2D DinoRun VE1/Sprites/Cactus A.png using Guid(d5dceacb4ad9c71439838f9d84ddf1ae) Importer(815301076,1909f56bfc062723c751e8b465ee728b)  -> (artifact id: '1a5d0faa1305d212b8e70aad62010f8c') in 0.018154 seconds
  Import took 0.021308 seconds .

========================================================================
Received Import Request.
  Time since last request: 0.000239 seconds.
  path: Assets/Bolt 2D DinoRun VE1/Sprites/Sky.png
  artifactKey: Guid(686af9210bf8e3042a0ce5aae4d44e44) Importer(815301076,1909f56bfc062723c751e8b465ee728b)
Start importing Assets/Bolt 2D DinoRun VE1/Sprites/Sky.png using Guid(686af9210bf8e3042a0ce5aae4d44e44) Importer(815301076,1909f56bfc062723c751e8b465ee728b)  -> (artifact id: 'c22bf63e7812953a17770e139a46179a') in 0.019340 seconds
  Import took 0.022021 seconds .

========================================================================
Received Import Request.
  Time since last request: 0.000206 seconds.
  path: Assets/Bolt 2D DinoRun VE1/Sprites/Cloud B.png
  artifactKey: Guid(f4a1ed8c5bcdb834889d9301f7ee1ab7) Importer(815301076,1909f56bfc062723c751e8b465ee728b)
Start importing Assets/Bolt 2D DinoRun VE1/Sprites/Cloud B.png using Guid(f4a1ed8c5bcdb834889d9301f7ee1ab7) Importer(815301076,1909f56bfc062723c751e8b465ee728b)  -> (artifact id: '02be77f3d1e4142b1e06b73a37f8805a') in 0.016216 seconds
  Import took 0.019350 seconds .

========================================================================
Received Import Request.
  Time since last request: 0.000199 seconds.
  path: Assets/Bolt 2D DinoRun VE1/Sprites/Back B.png
  artifactKey: Guid(56ea801d18819dd4eb62926f1c7c4a15) Importer(815301076,1909f56bfc062723c751e8b465ee728b)
Start importing Assets/Bolt 2D DinoRun VE1/Sprites/Back B.png using Guid(56ea801d18819dd4eb62926f1c7c4a15) Importer(815301076,1909f56bfc062723c751e8b465ee728b)  -> (artifact id: '3bfec86133f82f2b15802f0a1dae2518') in 0.017926 seconds
  Import took 0.021118 seconds .

========================================================================
Received Import Request.
  Time since last request: 0.000281 seconds.
  path: Assets/Bolt 2D DinoRun VE1/Sprites/Cactus B.png
  artifactKey: Guid(f49c007801b3fe846803154bfa86dc81) Importer(815301076,1909f56bfc062723c751e8b465ee728b)
Start importing Assets/Bolt 2D DinoRun VE1/Sprites/Cactus B.png using Guid(f49c007801b3fe846803154bfa86dc81) Importer(815301076,1909f56bfc062723c751e8b465ee728b)  -> (artifact id: '4a241ddee82a18bc531afddf6aa04319') in 0.017839 seconds
  Import took 0.021043 seconds .

========================================================================
Received Import Request.
  Time since last request: 44.187934 seconds.
  path: Assets
  artifactKey: Guid(00000000000000001000000000000000) Importer(815301076,1909f56bfc062723c751e8b465ee728b)
Start importing Assets using Guid(00000000000000001000000000000000) Importer(815301076,1909f56bfc062723c751e8b465ee728b)  -> (artifact id: '653ce283d384579a24208b2e4d727c2a') in 0.007224 seconds
  Import took 0.010303 seconds .

========================================================================
Received Import Request.
  Time since last request: 8.302964 seconds.
  path: Assets/Animation
  artifactKey: Guid(5ac4add457a7ca340be1d440ff7d115c) Importer(815301076,1909f56bfc062723c751e8b465ee728b)
Start importing Assets/Animation using Guid(5ac4add457a7ca340be1d440ff7d115c) Importer(815301076,1909f56bfc062723c751e8b465ee728b)  -> (artifact id: 'b780395f68ac75ec1f3731f64498230f') in 0.007762 seconds
  Import took 0.010816 seconds .

========================================================================
Received Import Request.
  Time since last request: 12.285373 seconds.
  path: Assets/Animation/Player.controller
  artifactKey: Guid(8cb5de2fba2b25646a18acef38692d72) Importer(815301076,1909f56bfc062723c751e8b465ee728b)
Start importing Assets/Animation/Player.controller using Guid(8cb5de2fba2b25646a18acef38692d72) Importer(815301076,1909f56bfc062723c751e8b465ee728b)  -> (artifact id: '495f43045b5bffa222f9aa2da80910c1') in 0.005622 seconds
  Import took 0.008811 seconds .

========================================================================
Received Import Request.
  Time since last request: 15.174484 seconds.
  path: Assets/Animation/Run.anim
  artifactKey: Guid(99f8ea83d16818642a06f6bf22a9abc8) Importer(815301076,1909f56bfc062723c751e8b465ee728b)
Start importing Assets/Animation/Run.anim using Guid(99f8ea83d16818642a06f6bf22a9abc8) Importer(815301076,1909f56bfc062723c751e8b465ee728b)  -> (artifact id: '1e2cbe014254b97a92210c5145ad72db') in 0.011180 seconds
  Import took 0.014459 seconds .

========================================================================
Received Import Request.
  Time since last request: 0.000968 seconds.
  path: Assets/Animation/Run.anim
  artifactKey: Guid(99f8ea83d16818642a06f6bf22a9abc8) Importer(815301076,1909f56bfc062723c751e8b465ee728b)
Start importing Assets/Animation/Run.anim using Guid(99f8ea83d16818642a06f6bf22a9abc8) Importer(815301076,1909f56bfc062723c751e8b465ee728b)  -> (artifact id: '1e2cbe014254b97a92210c5145ad72db') in 0.003974 seconds
  Import took 0.007239 seconds .

========================================================================
Received Import Request.
  Time since last request: 2.894781 seconds.
  path: Assets/Animation/Run 1.anim
  artifactKey: Guid(8e59111a789a2e645833aa0a304fdec6) Importer(815301076,1909f56bfc062723c751e8b465ee728b)
Start importing Assets/Animation/Run 1.anim using Guid(8e59111a789a2e645833aa0a304fdec6) Importer(815301076,1909f56bfc062723c751e8b465ee728b)  -> (artifact id: 'e31d986a823ee690c98621f0f47c00b0') in 0.007788 seconds
  Import took 0.010880 seconds .

========================================================================
Received Import Request.
  Time since last request: 1.141923 seconds.
  path: Assets/Animation/Run 2.anim
  artifactKey: Guid(a7b89bcecd18a294493401bca48f1db9) Importer(815301076,1909f56bfc062723c751e8b465ee728b)
Start importing Assets/Animation/Run 2.anim using Guid(a7b89bcecd18a294493401bca48f1db9) Importer(815301076,1909f56bfc062723c751e8b465ee728b)  -> (artifact id: '2570493c7a59a37755b1301acb2fb01f') in 0.007980 seconds
  Import took 0.011089 seconds .

========================================================================
Received Import Request.
  Time since last request: 0.000371 seconds.
  path: Assets/Animation/Run 2.anim
  artifactKey: Guid(a7b89bcecd18a294493401bca48f1db9) Importer(815301076,1909f56bfc062723c751e8b465ee728b)
Start importing Assets/Animation/Run 2.anim using Guid(a7b89bcecd18a294493401bca48f1db9) Importer(815301076,1909f56bfc062723c751e8b465ee728b)  -> (artifact id: '2570493c7a59a37755b1301acb2fb01f') in 0.003120 seconds
  Import took 0.006279 seconds .

========================================================================
Received Import Request.
  Time since last request: 1.653157 seconds.
  path: Assets/Animation/Run 1.anim
  artifactKey: Guid(8e59111a789a2e645833aa0a304fdec6) Importer(815301076,1909f56bfc062723c751e8b465ee728b)
Start importing Assets/Animation/Run 1.anim using Guid(8e59111a789a2e645833aa0a304fdec6) Importer(815301076,1909f56bfc062723c751e8b465ee728b)  -> (artifact id: '03d45b6351ae8e522c92e9d77370e8a4') in 0.003407 seconds
  Import took 0.006595 seconds .

========================================================================
Received Import Request.
  Time since last request: 0.001742 seconds.
  path: Assets/Animation/Run 1.anim
  artifactKey: Guid(8e59111a789a2e645833aa0a304fdec6) Importer(815301076,1909f56bfc062723c751e8b465ee728b)
Start importing Assets/Animation/Run 1.anim using Guid(8e59111a789a2e645833aa0a304fdec6) Importer(815301076,1909f56bfc062723c751e8b465ee728b)  -> (artifact id: '03d45b6351ae8e522c92e9d77370e8a4') in 0.003333 seconds
  Import took 0.006436 seconds .

========================================================================
Received Import Request.
  Time since last request: 5.049831 seconds.
  path: Assets/Animation/Die.anim
  artifactKey: Guid(8e59111a789a2e645833aa0a304fdec6) Importer(815301076,1909f56bfc062723c751e8b465ee728b)
Start importing Assets/Animation/Die.anim using Guid(8e59111a789a2e645833aa0a304fdec6) Importer(815301076,1909f56bfc062723c751e8b465ee728b)  -> (artifact id: '1938d1d450899a7e1de2f24f0f287df4') in 0.007607 seconds
  Import took 0.010658 seconds .

========================================================================
Received Import Request.
  Time since last request: 12.510193 seconds.
  path: Assets/Animation/Jump.anim
  artifactKey: Guid(a7b89bcecd18a294493401bca48f1db9) Importer(815301076,1909f56bfc062723c751e8b465ee728b)
Start importing Assets/Animation/Jump.anim using Guid(a7b89bcecd18a294493401bca48f1db9) Importer(815301076,1909f56bfc062723c751e8b465ee728b)  -> (artifact id: '7a95201a5d74ee862fb6747e92d0d215') in 0.007496 seconds
  Import took 0.010534 seconds .

========================================================================
Received Import Request.
  Time since last request: 32.154607 seconds.
  path: Assets/Animation/Player.controller
  artifactKey: Guid(8cb5de2fba2b25646a18acef38692d72) Importer(815301076,1909f56bfc062723c751e8b465ee728b)
Start importing Assets/Animation/Player.controller using Guid(8cb5de2fba2b25646a18acef38692d72) Importer(815301076,1909f56bfc062723c751e8b465ee728b)  -> (artifact id: '1dd139c313ef30cc4d85e170189da2d5') in 0.003552 seconds
  Import took 0.006817 seconds .

========================================================================
Received Prepare
Registering precompiled user dll's ...
Registered in 0.005643 seconds.
Begin MonoManager ReloadAssembly
Native extension for WindowsStandalone target not found
Native extension for OSXStandalone target not found
Refreshing native plugins compatible for Editor in 0.64 ms, found 2 plugins.
Preloading 0 native plugins for Editor in 0.00 ms.
Invoked RoslynAnalysisRunner static constructor.
RoslynAnalysisRunner will not be running.
RoslynAnalysisRunner has terminated.
Mono: successfully reloaded assembly
- Completed reload, in  0.875 seconds
Platform modules already initialized, skipping
Refreshing native plugins compatible for Editor in 0.53 ms, found 2 plugins.
Preloading 0 native plugins for Editor in 0.00 ms.
Unloading 1805 Unused Serialized files (Serialized files now loaded: 0)
System memory in use before: 89.0 MB.
System memory in use after: 89.0 MB.

Unloading 28 unused Assets to reduce memory usage. Loaded Objects now: 2311.
Total: 2.515700 ms (FindLiveObjects: 0.230800 ms CreateObjectMapping: 0.052300 ms MarkObjects: 2.096800 ms  DeleteObjects: 0.134200 ms)

========================================================================
Received Import Request.
  Time since last request: 547.911734 seconds.
  path: Assets/Macros/Player.asset
  artifactKey: Guid(10dbb9d88b110594f80f08a3d9df7824) Importer(815301076,1909f56bfc062723c751e8b465ee728b)
Start importing Assets/Macros/Player.asset using Guid(10dbb9d88b110594f80f08a3d9df7824) Importer(815301076,1909f56bfc062723c751e8b465ee728b)  -> (artifact id: '355201a1efeae5936e841218d28579eb') in 0.293776 seconds
  Import took 0.297170 seconds .

========================================================================
Received Import Request.
  Time since last request: 0.000962 seconds.
  path: Assets/Macros/Player.asset
  artifactKey: Guid(10dbb9d88b110594f80f08a3d9df7824) Importer(815301076,1909f56bfc062723c751e8b465ee728b)
Start importing Assets/Macros/Player.asset using Guid(10dbb9d88b110594f80f08a3d9df7824) Importer(815301076,1909f56bfc062723c751e8b465ee728b)  -> (artifact id: '355201a1efeae5936e841218d28579eb') in 0.003913 seconds
  Import took 0.007168 seconds .

========================================================================
Received Prepare
Registering precompiled user dll's ...
Registered in 0.005826 seconds.
Begin MonoManager ReloadAssembly
Native extension for WindowsStandalone target not found
Native extension for OSXStandalone target not found
Refreshing native plugins compatible for Editor in 0.53 ms, found 2 plugins.
Preloading 0 native plugins for Editor in 0.00 ms.
Invoked RoslynAnalysisRunner static constructor.
RoslynAnalysisRunner will not be running.
RoslynAnalysisRunner has terminated.
Mono: successfully reloaded assembly
- Completed reload, in  0.879 seconds
Platform modules already initialized, skipping
Refreshing native plugins compatible for Editor in 0.63 ms, found 2 plugins.
Preloading 0 native plugins for Editor in 0.00 ms.
Unloading 1805 Unused Serialized files (Serialized files now loaded: 0)
System memory in use before: 89.1 MB.
System memory in use after: 89.0 MB.

Unloading 28 unused Assets to reduce memory usage. Loaded Objects now: 2314.
Total: 2.219800 ms (FindLiveObjects: 0.319400 ms CreateObjectMapping: 0.056400 ms MarkObjects: 1.720100 ms  DeleteObjects: 0.122600 ms)

========================================================================
Received Prepare
Registering precompiled user dll's ...
Registered in 0.005838 seconds.
Begin MonoManager ReloadAssembly
Native extension for WindowsStandalone target not found
Native extension for OSXStandalone target not found
Refreshing native plugins compatible for Editor in 0.55 ms, found 2 plugins.
Preloading 0 native plugins for Editor in 0.00 ms.
Invoked RoslynAnalysisRunner static constructor.
RoslynAnalysisRunner will not be running.
RoslynAnalysisRunner has terminated.
Mono: successfully reloaded assembly
- Completed reload, in  0.866 seconds
Platform modules already initialized, skipping
Refreshing native plugins compatible for Editor in 0.51 ms, found 2 plugins.
Preloading 0 native plugins for Editor in 0.00 ms.
Unloading 1805 Unused Serialized files (Serialized files now loaded: 0)
System memory in use before: 89.1 MB.
System memory in use after: 89.1 MB.

Unloading 28 unused Assets to reduce memory usage. Loaded Objects now: 2317.
Total: 2.858200 ms (FindLiveObjects: 0.331300 ms CreateObjectMapping: 0.060600 ms MarkObjects: 2.320300 ms  DeleteObjects: 0.144200 ms)

========================================================================
Received Import Request.
  Time since last request: 758.779588 seconds.
  path: Assets/Macros/Player.asset
  artifactKey: Guid(10dbb9d88b110594f80f08a3d9df7824) Importer(815301076,1909f56bfc062723c751e8b465ee728b)
Start importing Assets/Macros/Player.asset using Guid(10dbb9d88b110594f80f08a3d9df7824) Importer(815301076,1909f56bfc062723c751e8b465ee728b)  -> (artifact id: '22b4e10d59c721374aab72225aa5da9e') in 0.497739 seconds
  Import took 0.501246 seconds .

========================================================================
Received Import Request.
  Time since last request: 1.670573 seconds.
  path: Assets/Bolt 2D DinoRun VE1/ReadMe/Icon.png
  artifactKey: Guid(863eba89c3a1fe745b8aca9216f926b8) Importer(815301076,1909f56bfc062723c751e8b465ee728b)
Start importing Assets/Bolt 2D DinoRun VE1/ReadMe/Icon.png using Guid(863eba89c3a1fe745b8aca9216f926b8) Importer(815301076,1909f56bfc062723c751e8b465ee728b)  -> (artifact id: '808c3580ebc7784d22f6b323ca1725e0') in 0.031362 seconds
  Import took 0.034639 seconds .

========================================================================
Received Import Request.
  Time since last request: 0.792932 seconds.
  path: Assets/Bolt 2D DinoRun VE1/Audio/Button.wav
  artifactKey: Guid(b20eff100831827498294d4bc57c9388) Importer(815301076,1909f56bfc062723c751e8b465ee728b)
Start importing Assets/Bolt 2D DinoRun VE1/Audio/Button.wav using Guid(b20eff100831827498294d4bc57c9388) Importer(815301076,1909f56bfc062723c751e8b465ee728b)  -> (artifact id: '2e30a270e9d6827bd1e44bf7a5cfea70') in 0.053502 seconds
  Import took 0.057088 seconds .

========================================================================
Received Import Request.
  Time since last request: 0.000217 seconds.
  path: Assets/Bolt 2D DinoRun VE1/Audio/Die.wav
  artifactKey: Guid(748bfaff907ecaa4b9ead1b20071465f) Importer(815301076,1909f56bfc062723c751e8b465ee728b)
Start importing Assets/Bolt 2D DinoRun VE1/Audio/Die.wav using Guid(748bfaff907ecaa4b9ead1b20071465f) Importer(815301076,1909f56bfc062723c751e8b465ee728b)  -> (artifact id: '98ecf48ca42bd13bf6dba610d2dd9d75') in 0.011919 seconds
  Import took 0.015155 seconds .

========================================================================
Received Import Request.
  Time since last request: 0.000208 seconds.
  path: Assets/Bolt 2D DinoRun VE1/Audio/Jump.wav
  artifactKey: Guid(7f099ae3678e25c428cb8f34a213e36d) Importer(815301076,1909f56bfc062723c751e8b465ee728b)
Start importing Assets/Bolt 2D DinoRun VE1/Audio/Jump.wav using Guid(7f099ae3678e25c428cb8f34a213e36d) Importer(815301076,1909f56bfc062723c751e8b465ee728b)  -> (artifact id: 'db8d4c61911c8bc733792b664f21822f') in 0.012366 seconds
  Import took 0.015157 seconds .

========================================================================
Received Import Request.
  Time since last request: 0.000223 seconds.
  path: Assets/Bolt 2D DinoRun VE1/Audio/Land.wav
  artifactKey: Guid(a8fc8aa3b8a47a64eb48bee46c9847dc) Importer(815301076,1909f56bfc062723c751e8b465ee728b)
Start importing Assets/Bolt 2D DinoRun VE1/Audio/Land.wav using Guid(a8fc8aa3b8a47a64eb48bee46c9847dc) Importer(815301076,1909f56bfc062723c751e8b465ee728b)  -> (artifact id: '697ab4be20a883b896b8a3902ea41a65') in 0.016795 seconds
  Import took 0.019587 seconds .

========================================================================
Received Import Request.
  Time since last request: 0.003596 seconds.
  path: Assets/Bolt 2D DinoRun VE1/Audio/Land.wav
  artifactKey: Guid(a8fc8aa3b8a47a64eb48bee46c9847dc) Importer(815301076,1909f56bfc062723c751e8b465ee728b)
Start importing Assets/Bolt 2D DinoRun VE1/Audio/Land.wav using Guid(a8fc8aa3b8a47a64eb48bee46c9847dc) Importer(815301076,1909f56bfc062723c751e8b465ee728b)  -> (artifact id: '697ab4be20a883b896b8a3902ea41a65') in 0.007343 seconds
  Import took 0.010851 seconds .

========================================================================
Received Import Request.
  Time since last request: 2.207805 seconds.
  path: Assets/Animation/Run.anim
  artifactKey: Guid(99f8ea83d16818642a06f6bf22a9abc8) Importer(815301076,1909f56bfc062723c751e8b465ee728b)
Start importing Assets/Animation/Run.anim using Guid(99f8ea83d16818642a06f6bf22a9abc8) Importer(815301076,1909f56bfc062723c751e8b465ee728b)  -> (artifact id: '1dc213f8b04a45e6f12cc1d2fe5a4c5d') in 0.003700 seconds
  Import took 0.006893 seconds .

========================================================================
Received Import Request.
  Time since last request: 0.000353 seconds.
  path: Assets/Animation/Run.anim
  artifactKey: Guid(99f8ea83d16818642a06f6bf22a9abc8) Importer(815301076,1909f56bfc062723c751e8b465ee728b)
Start importing Assets/Animation/Run.anim using Guid(99f8ea83d16818642a06f6bf22a9abc8) Importer(815301076,1909f56bfc062723c751e8b465ee728b)  -> (artifact id: '1dc213f8b04a45e6f12cc1d2fe5a4c5d') in 0.003231 seconds
  Import took 0.006369 seconds .

========================================================================
Received Prepare
Registering precompiled user dll's ...
Registered in 0.006077 seconds.
Begin MonoManager ReloadAssembly
Native extension for WindowsStandalone target not found
Native extension for OSXStandalone target not found
Refreshing native plugins compatible for Editor in 0.79 ms, found 2 plugins.
Preloading 0 native plugins for Editor in 0.00 ms.
Invoked RoslynAnalysisRunner static constructor.
RoslynAnalysisRunner will not be running.
RoslynAnalysisRunner has terminated.
Mono: successfully reloaded assembly
- Completed reload, in  0.980 seconds
Platform modules already initialized, skipping
Refreshing native plugins compatible for Editor in 0.99 ms, found 2 plugins.
Preloading 0 native plugins for Editor in 0.00 ms.
Unloading 1805 Unused Serialized files (Serialized files now loaded: 0)
System memory in use before: 89.2 MB.
System memory in use after: 89.1 MB.

Unloading 28 unused Assets to reduce memory usage. Loaded Objects now: 2326.
Total: 3.065400 ms (FindLiveObjects: 0.696700 ms CreateObjectMapping: 0.098400 ms MarkObjects: 2.144400 ms  DeleteObjects: 0.123800 ms)

========================================================================
Received Prepare
Registering precompiled user dll's ...
Registered in 0.005960 seconds.
Begin MonoManager ReloadAssembly
Native extension for WindowsStandalone target not found
Native extension for OSXStandalone target not found
Refreshing native plugins compatible for Editor in 0.57 ms, found 2 plugins.
Preloading 0 native plugins for Editor in 0.00 ms.
Invoked RoslynAnalysisRunner static constructor.
RoslynAnalysisRunner will not be running.
RoslynAnalysisRunner has terminated.
Mono: successfully reloaded assembly
- Completed reload, in  0.918 seconds
Platform modules already initialized, skipping
Refreshing native plugins compatible for Editor in 0.56 ms, found 2 plugins.
Preloading 0 native plugins for Editor in 0.00 ms.
Unloading 1805 Unused Serialized files (Serialized files now loaded: 0)
System memory in use before: 89.2 MB.
System memory in use after: 89.2 MB.

Unloading 28 unused Assets to reduce memory usage. Loaded Objects now: 2329.
Total: 2.347300 ms (FindLiveObjects: 0.297000 ms CreateObjectMapping: 0.054500 ms MarkObjects: 1.857400 ms  DeleteObjects: 0.136900 ms)

========================================================================
Received Prepare
Registering precompiled user dll's ...
Registered in 0.005815 seconds.
Begin MonoManager ReloadAssembly
Native extension for WindowsStandalone target not found
Native extension for OSXStandalone target not found
Refreshing native plugins compatible for Editor in 0.68 ms, found 2 plugins.
Preloading 0 native plugins for Editor in 0.00 ms.
Invoked RoslynAnalysisRunner static constructor.
RoslynAnalysisRunner will not be running.
RoslynAnalysisRunner has terminated.
Mono: successfully reloaded assembly
- Completed reload, in  1.021 seconds
Platform modules already initialized, skipping
Refreshing native plugins compatible for Editor in 0.58 ms, found 2 plugins.
Preloading 0 native plugins for Editor in 0.00 ms.
Unloading 1805 Unused Serialized files (Serialized files now loaded: 0)
System memory in use before: 89.2 MB.
System memory in use after: 89.2 MB.

Unloading 28 unused Assets to reduce memory usage. Loaded Objects now: 2332.
Total: 2.333000 ms (FindLiveObjects: 0.324200 ms CreateObjectMapping: 0.083300 ms MarkObjects: 1.781500 ms  DeleteObjects: 0.143000 ms)

========================================================================
Received Prepare
Registering precompiled user dll's ...
Registered in 0.005769 seconds.
Begin MonoManager ReloadAssembly
Native extension for WindowsStandalone target not found
Native extension for OSXStandalone target not found
Refreshing native plugins compatible for Editor in 0.58 ms, found 2 plugins.
Preloading 0 native plugins for Editor in 0.00 ms.
Invoked RoslynAnalysisRunner static constructor.
RoslynAnalysisRunner will not be running.
RoslynAnalysisRunner has terminated.
Mono: successfully reloaded assembly
- Completed reload, in  1.039 seconds
Platform modules already initialized, skipping
Refreshing native plugins compatible for Editor in 0.64 ms, found 2 plugins.
Preloading 0 native plugins for Editor in 0.00 ms.
Unloading 1805 Unused Serialized files (Serialized files now loaded: 0)
System memory in use before: 89.2 MB.
System memory in use after: 89.2 MB.

Unloading 28 unused Assets to reduce memory usage. Loaded Objects now: 2335.
Total: 2.424600 ms (FindLiveObjects: 0.268900 ms CreateObjectMapping: 0.056800 ms MarkObjects: 1.962500 ms  DeleteObjects: 0.134900 ms)

AssetImportWorkerClient::OnTransportError - code=2 error=End of file
